[2020-02-03T11:04:26.821] [INFO] cheese - [ 'Start rt_common_844' ]
[2020-02-03T11:04:26.829] [DEBUG] cheese - [ 'Req',
  { loginuid: '5cda897ad76426f6c4a52473',
    organisationuid: '5b20f438d1202e29ce16f710',
    fromdate: '2019-08-01T17:00:00.000Z',
    todate: '2019-12-31T16:59:00.000Z',
    storeuid: '5b859af0136d2764034ba9e2' } ]
[2020-02-03T11:05:12.063] [ERROR] cheese - [ 'findRTCommon844 error:',
  { MongoNetworkError: connection 0 to 172.22.17.121:27017 timed out
      at Socket.<anonymous> (D:\ws\SCR\report\node_modules\mongodb-core\lib\connection\connection.js:335:7)
      at Object.onceWrapper (events.js:277:13)
      at Socket.emit (events.js:189:13)
      at Socket._onTimeout (net.js:443:8)
      at ontimeout (timers.js:436:11)
      at tryOnTimeout (timers.js:300:5)
      at listOnTimeout (timers.js:263:5)
      at Timer.processTimers (timers.js:223:10)
    name: 'MongoNetworkError',
    errorLabels: [ 'TransientTransactionError' ],
    [Symbol(mongoErrorContextSymbol)]: {} } ]
[2020-02-03T11:05:12.066] [DEBUG] cheese - [ 'Res', [] ]
[2020-02-03T11:05:12.067] [INFO] cheese - [ 'End rt_common_844' ]
[2020-02-03T11:05:39.052] [INFO] cheese - [ 'Start rt_common_844' ]
[2020-02-03T11:05:39.056] [DEBUG] cheese - [ 'Req',
  { loginuid: '5cda897ad76426f6c4a52473',
    organisationuid: '5b20f438d1202e29ce16f712',
    fromdate: '2019-09-01T17:00:00.000Z',
    todate: '2019-12-31T16:59:00.000Z',
    storeuid: '' } ]
[2020-02-03T11:05:39.486] [DEBUG] cheese - [ 'Res',
  [ { _id: [Object],
      department: 'Medicine Unit',
      chargecode: '42142608000009',
      orderitemname: 'SYRINGE DISP 10 ML',
      store: 'Central Supply',
      uom: 'Set',
      binname: '-',
      orgname: 'BANGKOK HOSPITAL MUANGRAJ',
      qty: 1,
      fromdate: '02/09/2019',
      todate: '31/12/2019',
      printby: 'Phusit Kasemsukpakdee' },
    { _id: [Object],
      department: 'Medicine Unit',
      chargecode: '51102710000057',
      orderitemname: 'Alcohol Cotton Ball 2 Pcs/Pack',
      store: 'Central Supply',
      uom: 'Pack',
      binname: '-',
      orgname: 'BANGKOK HOSPITAL MUANGRAJ',
      qty: 1,
      fromdate: '02/09/2019',
      todate: '31/12/2019',
      printby: 'Phusit Kasemsukpakdee' } ] ]
[2020-02-03T11:05:39.491] [INFO] cheese - [ 'End rt_common_844' ]
[2020-02-03T11:06:04.696] [INFO] cheese - [ 'Start rt_common_844' ]
[2020-02-03T11:06:04.700] [DEBUG] cheese - [ 'Req',
  { loginuid: '5cda897ad76426f6c4a52473',
    organisationuid: '5b20f438d1202e29ce16f712',
    fromdate: '2019-09-01T17:00:00.000Z',
    todate: '2020-01-31T16:59:59.000Z',
    storeuid: '' } ]
[2020-02-03T11:06:07.008] [DEBUG] cheese - [ 'Res',
  [ { _id: [Object],
      department: 'Staff Clinic',
      chargecode: '42241806000085',
      orderitemname: 'Arm Sling Interlock 002121 # S',
      store: 'Central Supply',
      uom: 'Piece',
      binname: '-',
      orgname: 'BANGKOK HOSPITAL MUANGRAJ',
      qty: 2,
      fromdate: '02/09/2019',
      todate: '31/01/2020',
      printby: 'Phusit Kasemsukpakdee' },
    { _id: [Object],
      department: 'Staff Clinic',
      chargecode: '42321505000191',
      orderitemname: 'Broad Dcp Plate 6 Holes/4.5Mm(Ao226.060)',
      store: 'Operating Room',
      uom: 'Piece',
      binname: '-',
      orgname: 'BANGKOK HOSPITAL MUANGRAJ',
      qty: 1,
      fromdate: '02/09/2019',
      todate: '31/01/2020',
      printby: 'Phusit Kasemsukpakdee' },
    { _id: [Object],
      department: 'Emergency',
      chargecode: '42231504000002',
      orderitemname: 'NUTRI-BAG',
      store: 'Central Supply',
      uom: 'Set',
      binname: '-',
      orgname: 'BANGKOK HOSPITAL MUANGRAJ',
      qty: 1,
      fromdate: '02/09/2019',
      todate: '31/01/2020',
      printby: 'Phusit Kasemsukpakdee' },
    { _id: [Object],
      department: 'Operating Room',
      chargecode: '40183110000004',
      orderitemname: 'Connecting Tube 6Mmx10Ft (3M)',
      store: 'Operating Room',
      uom: 'Set',
      binname: '-',
      orgname: 'BANGKOK HOSPITAL MUANGRAJ',
      qty: 1,
      fromdate: '02/09/2019',
      todate: '31/01/2020',
      printby: 'Phusit Kasemsukpakdee' },
    { _id: [Object],
      department: 'Operating Room',
      chargecode: '42311502000028',
      orderitemname: 'K BANDAGE   3 "  (7 CM X 4 M) สีขาว',
      store: 'Central Supply',
      uom: 'Roll',
      binname: '-',
      orgname: 'BANGKOK HOSPITAL MUANGRAJ',
      qty: 1,
      fromdate: '02/09/2019',
      todate: '31/01/2020',
      printby: 'Phusit Kasemsukpakdee' },
    { _id: [Object],
      department: 'Operating Room',
      chargecode: '42142715000051',
      orderitemname: 'FOLEY CATH #NO. 16สายสีเหลืองจุกสีส้ม  /10 ML*2WAY',
      store: 'Central Supply',
      uom: 'Piece',
      binname: '-',
      orgname: 'BANGKOK HOSPITAL MUANGRAJ',
      qty: 1,
      fromdate: '02/09/2019',
      todate: '31/01/2020',
      printby: 'Phusit Kasemsukpakdee' },
    { _id: [Object],
      department: 'Operating Room',
      chargecode: '42142704000010',
      orderitemname: 'URINOMITER SET (ต่อจากสายสวนชนิดยาว)',
      store: 'Central Supply',
      uom: 'Pack',
      binname: '-',
      orgname: 'BANGKOK HOSPITAL MUANGRAJ',
      qty: 1,
      fromdate: '02/09/2019',
      todate: '31/01/2020',
      printby: 'Phusit Kasemsukpakdee' },
    { _id: [Object],
      department: 'Wound Care',
      chargecode: '42141501000150',
      orderitemname: 'Cotton Bud Sterile 6 In # S (5Pcs/Pack)',
      store: 'Central Supply',
      uom: 'Pack',
      binname: '-',
      orgname: 'BANGKOK HOSPITAL MUANGRAJ',
      qty: 1,
      fromdate: '02/09/2019',
      todate: '31/01/2020',
      printby: 'Phusit Kasemsukpakdee' },
    { _id: [Object],
      department: 'Wound Care',
      chargecode: '42311502000047',
      orderitemname: 'GYPSONA 4 "  ***',
      store: 'Central Supply',
      uom: 'Roll',
      binname: '-',
      orgname: 'BANGKOK HOSPITAL MUANGRAJ',
      qty: 1,
      fromdate: '02/09/2019',
      todate: '31/01/2020',
      printby: 'Phusit Kasemsukpakdee' },
    { _id: [Object],
      department: 'Wound Care',
      chargecode: '42241502000360',
      orderitemname: 'Tomato Spint 3x12 Inch',
      store: 'Central Supply',
      uom: 'Roll',
      binname: '-',
      orgname: 'BANGKOK HOSPITAL MUANGRAJ',
      qty: 1,
      fromdate: '02/09/2019',
      todate: '31/01/2020',
      printby: 'Phusit Kasemsukpakdee' },
    { _id: [Object],
      department: 'Wound Care',
      chargecode: '42311513000055',
      orderitemname: 'MEPILEX BORDER 10*10 CM #100932389',
      store: 'Central Supply',
      uom: 'Piece',
      binname: '-',
      orgname: 'BANGKOK HOSPITAL MUANGRAJ',
      qty: 1,
      fromdate: '02/09/2019',
      todate: '31/01/2020',
      printby: 'Phusit Kasemsukpakdee' },
    { _id: [Object],
      department: 'Operating Room',
      chargecode: '42142514000017',
      orderitemname: 'Spinal Needle G27 X 3 1/2\'\' (Spinocan)',
      store: 'Central Supply',
      uom: 'Piece',
      binname: '-',
      orgname: 'BANGKOK HOSPITAL MUANGRAJ',
      qty: 1,
      fromdate: '02/09/2019',
      todate: '31/01/2020',
      printby: 'Phusit Kasemsukpakdee' },
    { _id: [Object],
      department: 'Operating Room',
      chargecode: '42141802000046',
      orderitemname: 'Rem(Infant) Polyhesive II Elect#E7510-25',
      store: 'Central Supply',
      uom: 'Piece',
      binname: '-',
      orgname: 'BANGKOK HOSPITAL MUANGRAJ',
      qty: 1,
      fromdate: '02/09/2019',
      todate: '31/01/2020',
      printby: 'Phusit Kasemsukpakdee' },
    { _id: [Object],
      department: 'Emergency',
      chargecode: '42311512000240',
      orderitemname: 'Gamgee 6x12 In Sterile (TN612VS)',
      store: 'Central Supply',
      uom: 'Piece',
      binname: '-',
      orgname: 'BANGKOK HOSPITAL MUANGRAJ',
      qty: 6,
      fromdate: '02/09/2019',
      todate: '31/01/2020',
      printby: 'Phusit Kasemsukpakdee' },
    { _id: [Object],
      department: 'Emergency',
      chargecode: '42141501000150',
      orderitemname: 'Cotton Bud Sterile 6 In # S (5Pcs/Pack)',
      store: 'Central Supply',
      uom: 'Pack',
      binname: '-',
      orgname: 'BANGKOK HOSPITAL MUANGRAJ',
      qty: 1,
      fromdate: '02/09/2019',
      todate: '31/01/2020',
      printby: 'Phusit Kasemsukpakdee' },
    { _id: [Object],
      department: 'Emergency',
      chargecode: '42141501000054',
      orderitemname: 'COTTON WOOL 450 GM.',
      store: 'Central Supply',
      uom: 'Roll',
      binname: '-',
      orgname: 'BANGKOK HOSPITAL MUANGRAJ',
      qty: 1,
      fromdate: '02/09/2019',
      todate: '31/01/2020',
      printby: 'Phusit Kasemsukpakdee' },
    { _id: [Object],
      department: 'Emergency',
      chargecode: '42311527000022',
      orderitemname: 'TEGADERM + PAD  NO.3582 (5*7 CM)',
      store: 'Central Supply',
      uom: 'Piece',
      binname: '-',
      orgname: 'BANGKOK HOSPITAL MUANGRAJ',
      qty: 1,
      fromdate: '02/09/2019',
      todate: '31/01/2020',
      printby: 'Phusit Kasemsukpakdee' },
    { _id: [Object],
      department: 'Emergency',
      chargecode: '42311527000005',
      orderitemname: 'TEGADERM NO 1624 W',
      store: 'Central Supply',
      uom: 'Piece',
      binname: '-',
      orgname: 'BANGKOK HOSPITAL MUANGRAJ',
      qty: 1,
      fromdate: '02/09/2019',
      todate: '31/01/2020',
      printby: 'Phusit Kasemsukpakdee' },
    { _id: [Object],
      department: 'Emergency',
      chargecode: '42311502000016',
      orderitemname: 'COBAND 1 " NO.1581',
      store: 'Central Supply',
      uom: 'Roll',
      binname: '-',
      orgname: 'BANGKOK HOSPITAL MUANGRAJ',
      qty: 8,
      fromdate: '02/09/2019',
      todate: '31/01/2020',
      printby: 'Phusit Kasemsukpakdee' },
    { _id: [Object],
      department: 'Ward 5',
      chargecode: '42142715000057',
      orderitemname: 'Foley Catheter 2 Ways 30 Ml No 14',
      store: 'Central Supply',
      uom: 'Piece',
      binname: '-',
      orgname: 'BANGKOK HOSPITAL MUANGRAJ',
      qty: 1,
      fromdate: '02/09/2019',
      todate: '31/01/2020',
      printby: 'Phusit Kasemsukpakdee' },
    { _id: [Object],
      department: 'Ward 8',
      chargecode: '42271709000007',
      orderitemname: 'CANNULA OXYGEN ADULT (1103)',
      store: 'Central Supply',
      uom: 'Piece',
      binname: '-',
      orgname: 'BANGKOK HOSPITAL MUANGRAJ',
      qty: 1,
      fromdate: '02/09/2019',
      todate: '31/01/2020',
      printby: 'Phusit Kasemsukpakdee' },
    { _id: [Object],
      department: 'Pediatrics',
      chargecode: '42271709000009',
      orderitemname: 'Oxygen Cannula Pediatric',
      store: 'Central Supply',
      binname: '-',
      orgname: 'BANGKOK HOSPITAL MUANGRAJ',
      qty: 1,
      fromdate: '02/09/2019',
      todate: '31/01/2020',
      printby: 'Phusit Kasemsukpakdee' },
    { _id: [Object],
      department: 'Eye Ear Nose Throat',
      chargecode: '42141501000125',
      orderitemname: 'Cotton Sterile 0.35 Gm (5 Pcs/Pack)',
      store: 'Central Supply',
      uom: 'Pack',
      binname: '-',
      orgname: 'BANGKOK HOSPITAL MUANGRAJ',
      qty: 1,
      fromdate: '02/09/2019',
      todate: '31/01/2020',
      printby: 'Phusit Kasemsukpakdee' },
    { _id: [Object],
      department: 'Ward 8',
      chargecode: '42271708000010',
      orderitemname: 'NEBULIZER MASK WITH CONNECTOR ADULT ***',
      store: 'Central Supply',
      uom: 'Piece',
      binname: '-',
      orgname: 'BANGKOK HOSPITAL MUANGRAJ',
      qty: 2,
      fromdate: '02/09/2019',
      todate: '31/01/2020',
      printby: 'Phusit Kasemsukpakdee' },
    { _id: [Object],
      department: 'Staff Clinic',
      chargecode: '42272209000146',
      orderitemname: 'Corrugated Tube White With Aerosal',
      store: 'Central Supply',
      uom: 'Set',
      binname: '-',
      orgname: 'BANGKOK HOSPITAL MUANGRAJ',
      qty: 300,
      fromdate: '02/09/2019',
      todate: '31/01/2020',
      printby: 'Phusit Kasemsukpakdee' },
    { _id: [Object],
      department: 'Intensive Care Unit',
      chargecode: '42222301000001',
      orderitemname: 'BLOOD SET (ชุดให้เลือดเครื่องTERUMO)(10%)#100533050',
      store: 'Central Supply',
      uom: 'Set',
      binname: '-',
      orgname: 'BANGKOK HOSPITAL MUANGRAJ',
      qty: 1,
      fromdate: '02/09/2019',
      todate: '31/01/2020',
      printby: 'Phusit Kasemsukpakdee' },
    { _id: [Object],
      department: 'Operating Room',
      chargecode: '42271708000025',
      orderitemname: 'MASK OXYGEN WITH BAG ADULT ***',
      store: 'Central Supply',
      uom: 'Piece',
      binname: '-',
      orgname: 'BANGKOK HOSPITAL MUANGRAJ',
      qty: 2,
      fromdate: '02/09/2019',
      todate: '31/01/2020',
      printby: 'Phusit Kasemsukpakdee' },
    { _id: [Object],
      department: 'Emergency',
      chargecode: null,
      orderitemname: 'RED DOT 3 M # 2239',
      store: 'Central Supply',
      uom: 'Piece',
      binname: '-',
      orgname: 'BANGKOK HOSPITAL MUANGRAJ',
      qty: 1,
      fromdate: '02/09/2019',
      todate: '31/01/2020',
      printby: 'Phusit Kasemsukpakdee' },
    { _id: [Object],
      department: 'Ward 5',
      chargecode: '42142608000009',
      orderitemname: 'SYRINGE DISP 10 ML',
      store: 'Central Supply',
      uom: 'Set',
      binname: '-',
      orgname: 'BANGKOK HOSPITAL MUANGRAJ',
      qty: 1,
      fromdate: '02/09/2019',
      todate: '31/01/2020',
      printby: 'Phusit Kasemsukpakdee' },
    { _id: [Object],
      department: 'Emergency',
      chargecode: '42271903000027',
      orderitemname:
       'PORTEX ENDO 7.0 100/199/070 ท่อช่วยหายใจ (ENDOTRACHEAL TUBE) ชนิดมี CUFF',
      store: 'Central Supply',
      uom: 'Piece',
      binname: '-',
      orgname: 'BANGKOK HOSPITAL MUANGRAJ',
      qty: 2,
      fromdate: '02/09/2019',
      todate: '31/01/2020',
      printby: 'Phusit Kasemsukpakdee' },
    { _id: [Object],
      department: 'Emergency',
      chargecode: '42271708000025',
      orderitemname: 'MASK OXYGEN WITH BAG ADULT ***',
      store: 'Central Supply',
      uom: 'Piece',
      binname: '-',
      orgname: 'BANGKOK HOSPITAL MUANGRAJ',
      qty: 3,
      fromdate: '02/09/2019',
      todate: '31/01/2020',
      printby: 'Phusit Kasemsukpakdee' },
    { _id: [Object],
      department: 'Ward 5',
      chargecode: '42271801000002',
      orderitemname: 'Aqua Sterile Pck W/Adapter 340Ml. Aqu',
      store: 'Central Supply',
      uom: 'Bottle',
      binname: '-',
      orgname: 'BANGKOK HOSPITAL MUANGRAJ',
      qty: 1,
      fromdate: '02/09/2019',
      todate: '31/01/2020',
      printby: 'Phusit Kasemsukpakdee' },
    { _id: [Object],
      department: 'Medicine Unit',
      chargecode: '42143502000021',
      orderitemname: 'NASIC CLEANSE 250 ML (ชุดอุปกรณ์ล้างจมูก)',
      store: 'Central Supply',
      uom: 'Set',
      binname: '-',
      orgname: 'BANGKOK HOSPITAL MUANGRAJ',
      qty: 1,
      fromdate: '02/09/2019',
      todate: '31/01/2020',
      printby: 'Phusit Kasemsukpakdee' },
    { _id: [Object],
      department: 'Medicine Unit',
      chargecode: '42142608000007',
      orderitemname: 'SYRINGE DISP 3 ML',
      store: 'Central Supply',
      uom: 'Set',
      binname: '-',
      orgname: 'BANGKOK HOSPITAL MUANGRAJ',
      qty: 1,
      fromdate: '02/09/2019',
      todate: '31/01/2020',
      printby: 'Phusit Kasemsukpakdee' },
    { _id: [Object],
      department: 'Hemodialysis Unit ',
      chargecode: '42222301000001',
      orderitemname: 'BLOOD SET (ชุดให้เลือดเครื่องTERUMO)(10%)#100533050',
      store: 'Central Supply',
      uom: 'Set',
      binname: '-',
      orgname: 'BANGKOK HOSPITAL MUANGRAJ',
      qty: 2,
      fromdate: '02/09/2019',
      todate: '31/01/2020',
      printby: 'Phusit Kasemsukpakdee' },
    { _id: [Object],
      department: 'Ward 7',
      chargecode: '42222001000041',
      orderitemname: 'Infusion Set #P2BW03Td (20 Drops)',
      store: 'Central Supply',
      uom: 'Set',
      binname: '-',
      orgname: 'BANGKOK HOSPITAL MUANGRAJ',
      qty: 4,
      fromdate: '02/09/2019',
      todate: '31/01/2020',
      printby: 'Phusit Kasemsukpakdee' },
    { _id: [Object],
      department: 'Wound Care',
      chargecode: '42241505000006',
      orderitemname: 'WEBRIL  4" #100973338',
      store: 'Central Supply',
      uom: 'Piece',
      binname: '-',
      orgname: 'BANGKOK HOSPITAL MUANGRAJ',
      qty: 1,
      fromdate: '02/09/2019',
      todate: '31/01/2020',
      printby: 'Phusit Kasemsukpakdee' },
    { _id: [Object],
      department: 'Heart Clinic ',
      chargecode: '42142608000008',
      orderitemname: 'SYRINGE DISP 5 ML',
      store: 'Central Supply',
      uom: 'Set',
      binname: '-',
      orgname: 'BANGKOK HOSPITAL MUANGRAJ',
      qty: 1,
      fromdate: '02/09/2019',
      todate: '31/01/2020',
      printby: 'Phusit Kasemsukpakdee' },
    { _id: [Object],
      department: 'Pediatrics',
      chargecode: '42272219000053',
      orderitemname: 'EXTENSION WITH FILTER -NE096 (เด็ก)',
      store: 'Central Supply',
      uom: 'Piece',
      binname: '-',
      orgname: 'BANGKOK HOSPITAL MUANGRAJ',
      qty: 2,
      fromdate: '02/09/2019',
      todate: '31/01/2020',
      printby: 'Phusit Kasemsukpakdee' },
    { _id: [Object],
      department: 'Pediatrics',
      chargecode: '42311515000082',
      orderitemname: 'PPIV KIT (เด็ก) WITH TEGADERM #100848481',
      store: 'Central Supply',
      uom: 'Piece',
      binname: '-',
      orgname: 'BANGKOK HOSPITAL MUANGRAJ',
      qty: 2,
      fromdate: '02/09/2019',
      todate: '31/01/2020',
      printby: 'Phusit Kasemsukpakdee' },
    { _id: [Object],
      department: 'Eye Ear Nose Throat',
      chargecode: '51102710000059',
      orderitemname: 'ALCOHOL PAD (BX-200) #100889906',
      store: 'Central Supply',
      uom: 'Piece',
      binname: '-',
      orgname: 'BANGKOK HOSPITAL MUANGRAJ',
      qty: 2,
      fromdate: '02/09/2019',
      todate: '31/01/2020',
      printby: 'Phusit Kasemsukpakdee' },
    { _id: [Object],
      department: 'Intensive Care Unit',
      chargecode: '41121707000311',
      orderitemname: 'EXTENSION WITH FILTER -ELD96E (ผู้ใหญ่)',
      store: 'Central Supply',
      uom: 'Piece',
      binname: '-',
      orgname: 'BANGKOK HOSPITAL MUANGRAJ',
      qty: 1,
      fromdate: '02/09/2019',
      todate: '31/01/2020',
      printby: 'Phusit Kasemsukpakdee' },
    { _id: [Object],
      department: 'Intensive Care Unit',
      chargecode: '42142517000005',
      orderitemname: 'INJECTION PLUG WITH T-CONNECTOR NO.4051807 #100139884',
      store: 'Central Supply',
      uom: 'Piece',
      binname: '-',
      orgname: 'BANGKOK HOSPITAL MUANGRAJ',
      qty: 1,
      fromdate: '02/09/2019',
      todate: '31/01/2020',
      printby: 'Phusit Kasemsukpakdee' },
    { _id: [Object],
      department: 'Intensive Care Unit',
      chargecode: '42311515000069',
      orderitemname:
       'PIV KIT (ผู้ใหญ่) WITH TEGADERM 3M #100855137 (ชุดเปิดเส้นสารน้ำหลอดเลือดดำส่วนปลาย)',
      store: 'Central Supply',
      uom: 'Piece',
      binname: '-',
      orgname: 'BANGKOK HOSPITAL MUANGRAJ',
      qty: 1,
      fromdate: '02/09/2019',
      todate: '31/01/2020',
      printby: 'Phusit Kasemsukpakdee' },
    { _id: [Object],
      department: 'Intensive Care Unit',
      chargecode: '42221504000064',
      orderitemname: 'I.V. Catheter No.20 (Surflo Flash)',
      store: 'Central Supply',
      uom: 'Piece',
      binname: '-',
      orgname: 'BANGKOK HOSPITAL MUANGRAJ',
      qty: 1,
      fromdate: '02/09/2019',
      todate: '31/01/2020',
      printby: 'Phusit Kasemsukpakdee' },
    { _id: [Object],
      department: 'Emergency',
      chargecode: '42211500000064',
      orderitemname: 'Wooden Crutch # 48 (Chaisiri)',
      store: 'Rehabilitation',
      uom: 'Pair',
      binname: '-',
      orgname: 'BANGKOK HOSPITAL MUANGRAJ',
      qty: 1,
      fromdate: '02/09/2019',
      todate: '31/01/2020',
      printby: 'Phusit Kasemsukpakdee' },
    { _id: [Object],
      department: 'Checkup',
      chargecode: '42142608000008',
      orderitemname: 'SYRINGE DISP 5 ML',
      store: 'Central Supply',
      uom: 'Set',
      binname: '-',
      orgname: 'BANGKOK HOSPITAL MUANGRAJ',
      qty: 1,
      fromdate: '02/09/2019',
      todate: '31/01/2020',
      printby: 'Phusit Kasemsukpakdee' },
    { _id: [Object],
      department: 'Heart Clinic ',
      chargecode: '42141501000125',
      orderitemname: 'Cotton Sterile 0.35 Gm (5 Pcs/Pack)',
      store: 'Central Supply',
      uom: 'Pack',
      binname: '-',
      orgname: 'BANGKOK HOSPITAL MUANGRAJ',
      qty: 2,
      fromdate: '02/09/2019',
      todate: '31/01/2020',
      printby: 'Phusit Kasemsukpakdee' },
    { _id: [Object],
      department: 'Obstetrics  And Gynecology',
      chargecode: '42142531000406',
      orderitemname: 'Clipper Blade Professional # 9680',
      store: 'Central Supply',
      uom: 'Piece',
      binname: '-',
      orgname: 'BANGKOK HOSPITAL MUANGRAJ',
      qty: 2,
      fromdate: '02/09/2019',
      todate: '31/01/2020',
      printby: 'Phusit Kasemsukpakdee' },
    { _id: [Object],
      department: 'Emergency',
      chargecode: '42221504000064',
      orderitemname: 'I.V. Catheter No.20 (Surflo Flash)',
      store: 'Central Supply',
      uom: 'Piece',
      binname: '-',
      orgname: 'BANGKOK HOSPITAL MUANGRAJ',
      qty: 32,
      fromdate: '02/09/2019',
      todate: '31/01/2020',
      printby: 'Phusit Kasemsukpakdee' },
    { _id: [Object],
      department: 'Ward 7',
      chargecode: '42271708000010',
      orderitemname: 'NEBULIZER MASK WITH CONNECTOR ADULT ***',
      store: 'Central Supply',
      uom: 'Piece',
      binname: '-',
      orgname: 'BANGKOK HOSPITAL MUANGRAJ',
      qty: 2,
      fromdate: '02/09/2019',
      todate: '31/01/2020',
      printby: 'Phusit Kasemsukpakdee' },
    { _id: [Object],
      department: 'Operating Room',
      chargecode: '42231601000050',
      orderitemname: 'Gastrostomy Feeding Tube No 22 W/Ball Si',
      store: 'Non-Owned OR',
      uom: 'Set',
      binname: '-',
      orgname: 'BANGKOK HOSPITAL MUANGRAJ',
      qty: 1,
      fromdate: '02/09/2019',
      todate: '31/01/2020',
      printby: 'Phusit Kasemsukpakdee' },
    { _id: [Object],
      department: 'Rehabilitation',
      chargecode: '46182203000337',
      orderitemname: 'Elastic L-S Support Special(Pn)',
      store: 'Rehabilitation',
      uom: 'Piece',
      binname: '-',
      orgname: 'BANGKOK HOSPITAL MUANGRAJ',
      qty: 1,
      fromdate: '02/09/2019',
      todate: '31/01/2020',
      printby: 'Phusit Kasemsukpakdee' },
    { _id: [Object],
      department: 'Urology',
      chargecode: '42132203000013',
      orderitemname: 'GLOVE EXAM NO. M ไม่มีแป้ง ( LATEX |PRICE PER PAIR)',
      store: 'Central Supply',
      uom: 'Piece',
      binname: '-',
      orgname: 'BANGKOK HOSPITAL MUANGRAJ',
      qty: 1,
      fromdate: '02/09/2019',
      todate: '31/01/2020',
      printby: 'Phusit Kasemsukpakdee' },
    { _id: [Object],
      department: 'Operating Room',
      chargecode: '42131611000012',
      orderitemname: 'Cap Green',
      store: 'Central Supply',
      uom: 'Piece',
      binname: '-',
      orgname: 'BANGKOK HOSPITAL MUANGRAJ',
      qty: 71,
      fromdate: '02/09/2019',
      todate: '31/01/2020',
      printby: 'Phusit Kasemsukpakdee' },
    { _id: [Object],
      department: 'Ward 5',
      chargecode: '42132203000093',
      orderitemname: 'Exam Glove Powder Free #S (Sri Trang)',
      store: 'Central Supply',
      uom: 'Piece',
      binname: '-',
      orgname: 'BANGKOK HOSPITAL MUANGRAJ',
      qty: 15,
      fromdate: '02/09/2019',
      todate: '31/01/2020',
      printby: 'Phusit Kasemsukpakdee' },
    { _id: [Object],
      department: 'Emergency',
      chargecode: '42142715000057',
      orderitemname: 'Foley Catheter 2 Ways 30 Ml No 14',
      store: 'Central Supply',
      uom: 'Piece',
      binname: '-',
      orgname: 'BANGKOK HOSPITAL MUANGRAJ',
      qty: 2,
      fromdate: '02/09/2019',
      todate: '31/01/2020',
      printby: 'Phusit Kasemsukpakdee' },
    { _id: [Object],
      department: 'Obstetrics  And Gynecology',
      chargecode: '42221504000101',
      orderitemname: 'Three Ways Stopcock With Lock',
      store: 'Central Supply',
      uom: 'Piece',
      binname: '-',
      orgname: 'BANGKOK HOSPITAL MUANGRAJ',
      qty: 3,
      fromdate: '02/09/2019',
      todate: '31/01/2020',
      printby: 'Phusit Kasemsukpakdee' },
    { _id: [Object],
      department: 'Emergency',
      chargecode: '42221504000074',
      orderitemname: 'I.V. Catheter No.24 (Surflo Flash)',
      store: 'Central Supply',
      uom: 'Piece',
      binname: '-',
      orgname: 'BANGKOK HOSPITAL MUANGRAJ',
      qty: 14,
      fromdate: '02/09/2019',
      todate: '31/01/2020',
      printby: 'Phusit Kasemsukpakdee' },
    { _id: [Object],
      department: 'Operating Room',
      chargecode: '46181803000005',
      orderitemname: 'Eye Shield (Left Or Right)',
      store: 'Central Supply',
      uom: 'Piece',
      binname: '-',
      orgname: 'BANGKOK HOSPITAL MUANGRAJ',
      qty: 3,
      fromdate: '02/09/2019',
      todate: '31/01/2020',
      printby: 'Phusit Kasemsukpakdee' },
    { _id: [Object],
      department: 'Ward 5',
      chargecode: '42311502000028',
      orderitemname: 'K BANDAGE   3 "  (7 CM X 4 M) สีขาว',
      store: 'Central Supply',
      uom: 'Roll',
      binname: '-',
      orgname: 'BANGKOK HOSPITAL MUANGRAJ',
      qty: 5,
      fromdate: '02/09/2019',
      todate: '31/01/2020',
      printby: 'Phusit Kasemsukpakdee' },
    { _id: [Object],
      department: 'Obstetrics  And Gynecology',
      chargecode: '42221504000064',
      orderitemname: 'I.V. Catheter No.20 (Surflo Flash)',
      store: 'Central Supply',
      uom: 'Piece',
      binname: '-',
      orgname: 'BANGKOK HOSPITAL MUANGRAJ',
      qty: 4,
      fromdate: '02/09/2019',
      todate: '31/01/2020',
      printby: 'Phusit Kasemsukpakdee' },
    { _id: [Object],
      department: 'Emergency',
      chargecode: '42142404000021',
      orderitemname: 'SUCTION CATHETER #14',
      store: 'Central Supply',
      uom: 'Piece',
      binname: '-',
      orgname: 'BANGKOK HOSPITAL MUANGRAJ',
      qty: 3,
      fromdate: '02/09/2019',
      todate: '31/01/2020',
      printby: 'Phusit Kasemsukpakdee' },
    { _id: [Object],
      department: 'Ward 5',
      chargecode: '42311515000082',
      orderitemname: 'PPIV KIT (เด็ก) WITH TEGADERM #100848481',
      store: 'Central Supply',
      uom: 'Piece',
      binname: '-',
      orgname: 'BANGKOK HOSPITAL MUANGRAJ',
      qty: 2,
      fromdate: '02/09/2019',
      todate: '31/01/2020',
      printby: 'Phusit Kasemsukpakdee' },
    { _id: [Object],
      department: 'Operating Room',
      chargecode: '42142601000024',
      orderitemname: 'ASEPTO SYRINGE CLEAR BULB 60 ML',
      store: 'Operating Room',
      uom: 'Piece',
      binname: '-',
      orgname: 'BANGKOK HOSPITAL MUANGRAJ',
      qty: 2,
      fromdate: '02/09/2019',
      todate: '31/01/2020',
      printby: 'Phusit Kasemsukpakdee' },
    { _id: [Object],
      department: 'Operating Room',
      chargecode: '42311518000002',
      orderitemname: 'EYE PAD ***',
      store: 'Central Supply',
      uom: 'Piece',
      binname: '-',
      orgname: 'BANGKOK HOSPITAL MUANGRAJ',
      qty: 3,
      fromdate: '02/09/2019',
      todate: '31/01/2020',
      printby: 'Phusit Kasemsukpakdee' },
    { _id: [Object],
      department: 'Wound Care',
      chargecode: '42142517000005',
      orderitemname: 'INJECTION PLUG WITH T-CONNECTOR NO.4051807 #100139884',
      store: 'Central Supply',
      uom: 'Piece',
      binname: '-',
      orgname: 'BANGKOK HOSPITAL MUANGRAJ',
      qty: 2,
      fromdate: '02/09/2019',
      todate: '31/01/2020',
      printby: 'Phusit Kasemsukpakdee' },
    { _id: [Object],
      department: 'Obstetrics  And Gynecology',
      chargecode: '42142517000005',
      orderitemname: 'INJECTION PLUG WITH T-CONNECTOR NO.4051807 #100139884',
      store: 'Central Supply',
      uom: 'Piece',
      binname: '-',
      orgname: 'BANGKOK HOSPITAL MUANGRAJ',
      qty: 2,
      fromdate: '02/09/2019',
      todate: '31/01/2020',
      printby: 'Phusit Kasemsukpakdee' },
    { _id: [Object],
      department: 'Obstetrics  And Gynecology',
      chargecode: '42221504000074',
      orderitemname: 'I.V. Catheter No.24 (Surflo Flash)',
      store: 'Central Supply',
      uom: 'Piece',
      binname: '-',
      orgname: 'BANGKOK HOSPITAL MUANGRAJ',
      qty: 1,
      fromdate: '02/09/2019',
      todate: '31/01/2020',
      printby: 'Phusit Kasemsukpakdee' },
    { _id: [Object],
      department: 'Medicine Unit',
      chargecode: '42132203000093',
      orderitemname: 'Exam Glove Powder Free #S (Sri Trang)',
      store: 'Central Supply',
      uom: 'Piece',
      binname: '-',
      orgname: 'BANGKOK HOSPITAL MUANGRAJ',
      qty: 9,
      fromdate: '02/09/2019',
      todate: '31/01/2020',
      printby: 'Phusit Kasemsukpakdee' },
    { _id: [Object],
      department: 'Emergency',
      chargecode: '42142517000005',
      orderitemname: 'INJECTION PLUG WITH T-CONNECTOR NO.4051807 #100139884',
      store: 'Central Supply',
      uom: 'Piece',
      binname: '-',
      orgname: 'BANGKOK HOSPITAL MUANGRAJ',
      qty: 38,
      fromdate: '02/09/2019',
      todate: '31/01/2020',
      printby: 'Phusit Kasemsukpakdee' },
    { _id: [Object],
      department: 'Medicine Unit',
      chargecode: '42251612000428',
      orderitemname: 'Tubigrip Abdominal ,L (DKSH)',
      store: 'Central Supply',
      uom: 'Piece',
      binname: '-',
      orgname: 'BANGKOK HOSPITAL MUANGRAJ',
      qty: 2,
      fromdate: '02/09/2019',
      todate: '31/01/2020',
      printby: 'Phusit Kasemsukpakdee' },
    { _id: [Object],
      department: 'Emergency',
      chargecode: '42181708000020',
      orderitemname: 'RED DOT 3 M # 2239',
      store: 'Central Supply',
      uom: 'Piece',
      binname: '-',
      orgname: 'BANGKOK HOSPITAL MUANGRAJ',
      qty: 18,
      fromdate: '02/09/2019',
      todate: '31/01/2020',
      printby: 'Phusit Kasemsukpakdee' },
    { _id: [Object],
      department: 'Surgery Unit',
      chargecode: '42241502000080',
      orderitemname: 'FINGER SPLINT ขนาด1/2นิ้ว',
      store: 'Central Supply',
      uom: 'Piece',
      binname: '-',
      orgname: 'BANGKOK HOSPITAL MUANGRAJ',
      qty: 1,
      fromdate: '02/09/2019',
      todate: '31/01/2020',
      printby: 'Phusit Kasemsukpakdee' },
    { _id: [Object],
      department: 'Emergency',
      chargecode: '42311502000043',
      orderitemname: 'ELASTIC BANDAGE 4 "!!!#100396825',
      store: 'Central Supply',
      uom: 'Piece',
      binname: '-',
      orgname: 'BANGKOK HOSPITAL MUANGRAJ',
      qty: 1,
      fromdate: '02/09/2019',
      todate: '31/01/2020',
      printby: 'Phusit Kasemsukpakdee' },
    { _id: [Object],
      department: 'Obstetrics  And Gynecology',
      chargecode: '42142507000008',
      orderitemname: 'SCALP VEIN 25',
      store: 'Central Supply',
      uom: 'Set',
      binname: '-',
      orgname: 'BANGKOK HOSPITAL MUANGRAJ',
      qty: 1,
      fromdate: '02/09/2019',
      todate: '31/01/2020',
      printby: 'Phusit Kasemsukpakdee' },
    { _id: [Object],
      department: 'Emergency',
      chargecode: '42311541000019',
      orderitemname: 'SOFRATULLE (BACTIGRAS)** 10X10 CM.',
      store: 'Central Supply',
      uom: 'Piece',
      binname: '-',
      orgname: 'BANGKOK HOSPITAL MUANGRAJ',
      qty: 14,
      fromdate: '02/09/2019',
      todate: '31/01/2020',
      printby: 'Phusit Kasemsukpakdee' },
    { _id: [Object],
      department: 'Emergency',
      chargecode: '42142608000008',
      orderitemname: 'SYRINGE DISP 5 ML',
      store: 'Central Supply',
      uom: 'Set',
      binname: '-',
      orgname: 'BANGKOK HOSPITAL MUANGRAJ',
      qty: 2,
      fromdate: '02/09/2019',
      todate: '31/01/2020',
      printby: 'Phusit Kasemsukpakdee' },
    { _id: [Object],
      department: 'Ward 8',
      chargecode: '42141501000125',
      orderitemname: 'Cotton Sterile 0.35 Gm (5 Pcs/Pack)',
      store: 'Central Supply',
      uom: 'Pack',
      binname: '-',
      orgname: 'BANGKOK HOSPITAL MUANGRAJ',
      qty: 10,
      fromdate: '02/09/2019',
      todate: '31/01/2020',
      printby: 'Phusit Kasemsukpakdee' },
    { _id: [Object],
      department: 'Ward 7',
      chargecode: '42221504000101',
      orderitemname: 'Three Ways Stopcock With Lock',
      store: 'Central Supply',
      uom: 'Piece',
      binname: '-',
      orgname: 'BANGKOK HOSPITAL MUANGRAJ',
      qty: 8,
      fromdate: '02/09/2019',
      todate: '31/01/2020',
      printby: 'Phusit Kasemsukpakdee' },
    { _id: [Object],
      department: 'Emergency',
      chargecode: '41121707000311',
      orderitemname: 'EXTENSION WITH FILTER -ELD96E (ผู้ใหญ่)',
      store: 'Central Supply',
      uom: 'Piece',
      binname: '-',
      orgname: 'BANGKOK HOSPITAL MUANGRAJ',
      qty: 27,
      fromdate: '02/09/2019',
      todate: '31/01/2020',
      printby: 'Phusit Kasemsukpakdee' },
    { _id: [Object],
      department: 'Ward 7',
      chargecode: '42142517000015',
      orderitemname: 'EXTENSION TUBE # 18',
      store: 'Central Supply',
      uom: 'Piece',
      binname: '-',
      orgname: 'BANGKOK HOSPITAL MUANGRAJ',
      qty: 9,
      fromdate: '02/09/2019',
      todate: '31/01/2020',
      printby: 'Phusit Kasemsukpakdee' },
    { _id: [Object],
      department: 'Ward 5',
      chargecode: '42222001000041',
      orderitemname: 'Infusion Set #P2BW03Td (20 Drops)',
      store: 'Central Supply',
      uom: 'Set',
      binname: '-',
      orgname: 'BANGKOK HOSPITAL MUANGRAJ',
      qty: 1,
      fromdate: '02/09/2019',
      todate: '31/01/2020',
      printby: 'Phusit Kasemsukpakdee' },
    { _id: [Object],
      department: 'Pediatrics',
      chargecode: '53131639000003',
      orderitemname: 'Blue Pad (Piece)',
      store: 'Central Supply',
      uom: 'Piece',
      binname: '-',
      orgname: 'BANGKOK HOSPITAL MUANGRAJ',
      qty: 1,
      fromdate: '02/09/2019',
      todate: '31/01/2020',
      printby: 'Phusit Kasemsukpakdee' },
    { _id: [Object],
      department: 'Ward 7',
      chargecode: '42221504000074',
      orderitemname: 'I.V. Catheter No.24 (Surflo Flash)',
      store: 'Central Supply',
      uom: 'Piece',
      binname: '-',
      orgname: 'BANGKOK HOSPITAL MUANGRAJ',
      qty: 19,
      fromdate: '02/09/2019',
      todate: '31/01/2020',
      printby: 'Phusit Kasemsukpakdee' },
    { _id: [Object],
      department: 'Operating Room',
      chargecode: '42271709000007',
      orderitemname: 'CANNULA OXYGEN ADULT (1103)',
      store: 'Central Supply',
      uom: 'Piece',
      binname: '-',
      orgname: 'BANGKOK HOSPITAL MUANGRAJ',
      qty: 5,
      fromdate: '02/09/2019',
      todate: '31/01/2020',
      printby: 'Phusit Kasemsukpakdee' },
    { _id: [Object],
      department: 'Orthopedic Surgery',
      chargecode: '42221504000069',
      orderitemname: 'I.V. Catheter No.22 (Surflo Flash)',
      store: 'Central Supply',
      uom: 'Piece',
      binname: '-',
      orgname: 'BANGKOK HOSPITAL MUANGRAJ',
      qty: 1,
      fromdate: '02/09/2019',
      todate: '31/01/2020',
      printby: 'Phusit Kasemsukpakdee' },
    { _id: [Object],
      department: 'Obstetrics  And Gynecology',
      chargecode: '42142517000015',
      orderitemname: 'EXTENSION TUBE # 18',
      store: 'Central Supply',
      uom: 'Piece',
      binname: '-',
      orgname: 'BANGKOK HOSPITAL MUANGRAJ',
      qty: 3,
      fromdate: '02/09/2019',
      todate: '31/01/2020',
      printby: 'Phusit Kasemsukpakdee' },
    { _id: [Object],
      department: 'Operating Room',
      chargecode: '42311512000088',
      orderitemname: 'SWAB X-RAY 18*18" ปลอดเชื้อ(PK-5) ผ้าซับช่องท้อง',
      store: 'Operating Room',
      uom: 'Pack',
      binname: '-',
      orgname: 'BANGKOK HOSPITAL MUANGRAJ',
      qty: 5,
      fromdate: '02/09/2019',
      todate: '31/01/2020',
      printby: 'Phusit Kasemsukpakdee' },
    { _id: [Object],
      department: 'Rehabilitation',
      chargecode: '42211501000006',
      orderitemname: 'Cane-1 Point',
      store: 'Rehabilitation',
      uom: 'Piece',
      binname: '-',
      orgname: 'BANGKOK HOSPITAL MUANGRAJ',
      qty: 2,
      fromdate: '02/09/2019',
      todate: '31/01/2020',
      printby: 'Phusit Kasemsukpakdee' },
    { _id: [Object],
      department: 'Orthopedic Surgery',
      chargecode: '42311502000042',
      orderitemname: 'ELASTIC BANDAGE 3 "!!!#100396824',
      store: 'Central Supply',
      uom: 'Piece',
      binname: '-',
      orgname: 'BANGKOK HOSPITAL MUANGRAJ',
      qty: 1,
      fromdate: '02/09/2019',
      todate: '31/01/2020',
      printby: 'Phusit Kasemsukpakdee' },
    { _id: [Object],
      department: 'Ward 5',
      chargecode: '42222001000094',
      orderitemname: 'Terumo Set For Infusion Pump #TI-PU200L',
      store: 'Central Supply',
      uom: 'Set',
      binname: '-',
      orgname: 'BANGKOK HOSPITAL MUANGRAJ',
      qty: 14,
      fromdate: '02/09/2019',
      todate: '31/01/2020',
      printby: 'Phusit Kasemsukpakdee' },
    { _id: [Object],
      department: 'Intensive Care Unit',
      chargecode: '42271708000010',
      orderitemname: 'NEBULIZER MASK WITH CONNECTOR ADULT ***',
      store: 'Central Supply',
      uom: 'Piece',
      binname: '-',
      orgname: 'BANGKOK HOSPITAL MUANGRAJ',
      qty: 1,
      fromdate: '02/09/2019',
      todate: '31/01/2020',
      printby: 'Phusit Kasemsukpakdee' },
    { _id: [Object],
      department: 'Operating Room',
      chargecode: '42295109000201',
      orderitemname: 'Disposable Liner 3000 Ml',
      store: 'Operating Room',
      uom: 'Piece',
      binname: '-',
      orgname: 'BANGKOK HOSPITAL MUANGRAJ',
      qty: 5,
      fromdate: '02/09/2019',
      todate: '31/01/2020',
      printby: 'Phusit Kasemsukpakdee' },
    { _id: [Object],
      department: 'Pediatrics',
      chargecode: '42211501000006',
      orderitemname: 'Cane-1 Point',
      store: 'Rehabilitation',
      uom: 'Piece',
      binname: '-',
      orgname: 'BANGKOK HOSPITAL MUANGRAJ',
      qty: 1,
      fromdate: '02/09/2019',
      todate: '31/01/2020',
      printby: 'Phusit Kasemsukpakdee' },
    { _id: [Object],
      department: 'Ward 6',
      chargecode: '42132203000014',
      orderitemname: 'GLOVE EXAM NO. S ไม่มีแป้ง (LATEX |PRICE PER PAIR)',
      store: 'Central Supply',
      uom: 'Piece',
      binname: '-',
      orgname: 'BANGKOK HOSPITAL MUANGRAJ',
      qty: 1,
      fromdate: '02/09/2019',
      todate: '31/01/2020',
      printby: 'Phusit Kasemsukpakdee' },
    { _id: [Object],
      department: 'Obstetrics  And Gynecology',
      chargecode: '42311515000069',
      orderitemname:
       'PIV KIT (ผู้ใหญ่) WITH TEGADERM 3M #100855137 (ชุดเปิดเส้นสารน้ำหลอดเลือดดำส่วนปลาย)',
      store: 'Central Supply',
      uom: 'Piece',
      binname: '-',
      orgname: 'BANGKOK HOSPITAL MUANGRAJ',
      qty: 5,
      fromdate: '02/09/2019',
      todate: '31/01/2020',
      printby: 'Phusit Kasemsukpakdee' },
    { _id: [Object],
      department: 'Ward 7',
      chargecode: '42222001000094',
      orderitemname: 'Terumo Set For Infusion Pump #TI-PU200L',
      store: 'Central Supply',
      uom: 'Set',
      binname: '-',
      orgname: 'BANGKOK HOSPITAL MUANGRAJ',
      qty: 12,
      fromdate: '02/09/2019',
      todate: '31/01/2020',
      printby: 'Phusit Kasemsukpakdee' },
    { _id: [Object],
      department: 'Ward 5',
      chargecode: '41121707000311',
      orderitemname: 'EXTENSION WITH FILTER -ELD96E (ผู้ใหญ่)',
      store: 'Central Supply',
      uom: 'Piece',
      binname: '-',
      orgname: 'BANGKOK HOSPITAL MUANGRAJ',
      qty: 13,
      fromdate: '02/09/2019',
      todate: '31/01/2020',
      printby: 'Phusit Kasemsukpakdee' },
    { _id: [Object],
      department: 'Ward 6',
      chargecode: '42311512000138',
      orderitemname: 'GAUZE  พับ 3*3 " 8 ชั้น ( P-100)SUPPLY เบิกคลังยา',
      store: 'Central Supply',
      uom: 'Piece',
      binname: '-',
      orgname: 'BANGKOK HOSPITAL MUANGRAJ',
      qty: 3,
      fromdate: '02/09/2019',
      todate: '31/01/2020',
      printby: 'Phusit Kasemsukpakdee' },
    ... 383 more items ] ]
[2020-02-03T11:06:07.139] [INFO] cheese - [ 'End rt_common_844' ]
